#
# A fatal error has been detected by the Java Runtime Environment:
#
#  EXCEPTION_UNCAUGHT_CXX_EXCEPTION (0xe06d7363) at pc=0x000007fefcf2940d, pid=8144, tid=7636
#
# JRE version: 7.0_11-b21
# Java VM: Java HotSpot(TM) 64-Bit Server VM (23.6-b04 mixed mode windows-amd64 compressed oops)
# Problematic frame:
# C  [KERNELBASE.dll+0x940d]
#
# Failed to write core dump. Minidumps are not enabled by default on client versions of Windows
#
# If you would like to submit a bug report, please visit:
#   http://bugreport.sun.com/bugreport/crash.jsp
# The crash happened outside the Java Virtual Machine in native code.
# See problematic frame for where to report the bug.
#

---------------  T H R E A D  ---------------

Current thread (0x0000000013bf2000):  JavaThread "AWT-EventQueue-0" [_thread_in_native, id=7636, stack(0x0000000014a20000,0x0000000014b20000)]

siginfo: ExceptionCode=0xe06d7363, ExceptionInformation=0x0000000019930520 0x0000000014b1d460 0x0000000019fd3dd8 0x0000000019b20000 

Registers:
RAX=0x000000007aa91e87, RBX=0x0000000014b1d460, RCX=0x0000000014b1c9e0, RDX=0x00000000000000d0
RSP=0x0000000014b1cff0, RBP=0x0000000014b1d120, RSI=0x0000000000000001, RDI=0x0000000019fd3dd8
R8 =0x0000000000000000, R9 =0x0000000000000000, R10=0x0000000019b20000, R11=0x0000000014b1d030
R12=0x0000000000000000, R13=0x0000000000000000, R14=0x0000000014b1da28, R15=0x0000000013bf2000
RIP=0x000007fefcf2940d, EFLAGS=0x0000000000000206

Top of Stack: (sp=0x0000000014b1cff0)
0x0000000014b1cff0:   0000000014b1d460 0000000000000001
0x0000000014b1d000:   0000000019fd3dd8 000000006fe726d4
0x0000000014b1d010:   00000001e06d7363 0000000000000000
0x0000000014b1d020:   000007fefcf2940d 0000000000000004
0x0000000014b1d030:   0000000019930520 0000000014b1d460
0x0000000014b1d040:   0000000019fd3dd8 0000000019b20000
0x0000000014b1d050:   0000000014b1d230 0000000014b1d0d8
0x0000000014b1d060:   0000000014b1d778 000000006fe733be
0x0000000014b1d070:   00000000183068f0 0000000014b1d778
0x0000000014b1d080:   0000000000000000 0000000014b1d518
0x0000000014b1d090:   0000000014b1da28 0000000000000000
0x0000000014b1d0a0:   0000000000000000 0000000019fd3dd8
0x0000000014b1d0b0:   0000000000000001 000000005f54142d
0x0000000014b1d0c0:   0000000014b1d460 0000000014b1d130
0x0000000014b1d0d0:   0000000000000001 0000000019b200f0
0x0000000014b1d0e0:   00000001e06d7363 0000000000000000 

Instructions: (pc=0x000007fefcf2940d)
0x000007fefcf293ed:   54 24 24 48 89 4c 24 28 4d 85 c9 0f 85 aa 18 00
0x000007fefcf293fd:   00 89 4c 24 38 48 8d 4c 24 20 ff 15 93 1e 04 00
0x000007fefcf2940d:   48 81 c4 c8 00 00 00 c3 90 90 90 90 90 90 90 90
0x000007fefcf2941d:   90 90 90 48 8b c4 48 83 ec 78 41 f7 c0 fe ff ff 


Register to memory mapping:

RAX=0x000000007aa91e87 is an unknown value
RBX=0x0000000014b1d460 is pointing into the stack for thread: 0x0000000013bf2000
RCX=0x0000000014b1c9e0 is pointing into the stack for thread: 0x0000000013bf2000
RDX=0x00000000000000d0 is an unknown value
RSP=0x0000000014b1cff0 is pointing into the stack for thread: 0x0000000013bf2000
RBP=0x0000000014b1d120 is pointing into the stack for thread: 0x0000000013bf2000
RSI=0x0000000000000001 is an unknown value
RDI=0x0000000019fd3dd8 is an unknown value
R8 =0x0000000000000000 is an unknown value
R9 =0x0000000000000000 is an unknown value
R10=0x0000000019b20000 is an unknown value
R11=0x0000000014b1d030 is pointing into the stack for thread: 0x0000000013bf2000
R12=0x0000000000000000 is an unknown value
R13=0x0000000000000000 is an unknown value
R14=0x0000000014b1da28 is pointing into the stack for thread: 0x0000000013bf2000
R15=0x0000000013bf2000 is a thread


Stack: [0x0000000014a20000,0x0000000014b20000],  sp=0x0000000014b1cff0,  free space=1011k
Native frames: (J=compiled Java code, j=interpreted, Vv=VM code, C=native code)
C  [KERNELBASE.dll+0x940d]
C  [mlutil.dll+0x2ac810]

Java frames: (J=compiled Java code, j=interpreted, Vv=VM code)
j  com.mathworks.services.Prefs.nativeGetPreferencesDirectory()Ljava/lang/String;+0
j  com.mathworks.services.Prefs.getPropertyDirectory()Ljava/lang/String;+0
j  com.mathworks.services.Prefs.load()V+15
j  com.mathworks.services.Prefs.<clinit>()V+68
v  ~StubRoutines::call_stub
j  com.mathworks.fatalexit.FatalExitFrame.<init>(Ljava/lang/String;Z)V+8
j  com.mathworks.fatalexit.FatalExitFrame$13.run()V+116
j  java.awt.event.InvocationEvent.dispatch()V+47
j  java.awt.EventQueue.dispatchEventImpl(Ljava/awt/AWTEvent;Ljava/lang/Object;)V+21
j  java.awt.EventQueue.access$200(Ljava/awt/EventQueue;Ljava/awt/AWTEvent;Ljava/lang/Object;)V+3
j  java.awt.EventQueue$3.run()Ljava/lang/Void;+12
j  java.awt.EventQueue$3.run()Ljava/lang/Object;+1
v  ~StubRoutines::call_stub
j  java.security.AccessController.doPrivileged(Ljava/security/PrivilegedAction;Ljava/security/AccessControlContext;)Ljava/lang/Object;+0
j  java.security.ProtectionDomain$1.doIntersectionPrivilege(Ljava/security/PrivilegedAction;Ljava/security/AccessControlContext;Ljava/security/AccessControlContext;)Ljava/lang/Object;+28
j  java.awt.EventQueue.dispatchEvent(Ljava/awt/AWTEvent;)V+46
j  java.awt.EventDispatchThread.pumpOneEventForFilters(I)V+245
j  java.awt.EventDispatchThread.pumpEventsForFilter(ILjava/awt/Conditional;Ljava/awt/EventFilter;)V+35
j  java.awt.EventDispatchThread.pumpEventsForHierarchy(ILjava/awt/Conditional;Ljava/awt/Component;)V+11
j  java.awt.EventDispatchThread.pumpEvents(ILjava/awt/Conditional;)V+4
j  java.awt.EventDispatchThread.pumpEvents(Ljava/awt/Conditional;)V+3
j  java.awt.EventDispatchThread.run()V+9
v  ~StubRoutines::call_stub

---------------  P R O C E S S  ---------------

Java Threads: ( => current thread )
  0x00000000006bf800 JavaThread "DestroyJavaVM" [_thread_blocked, id=7300, stack(0x0000000002820000,0x0000000002920000)]
=>0x0000000013bf2000 JavaThread "AWT-EventQueue-0" [_thread_in_native, id=7636, stack(0x0000000014a20000,0x0000000014b20000)]
  0x0000000013b95800 JavaThread "AWT-Windows" daemon [_thread_in_native, id=3384, stack(0x00000000148d0000,0x00000000149d0000)]
  0x0000000013b72800 JavaThread "AWT-Shutdown" [_thread_blocked, id=7364, stack(0x00000000147b0000,0x00000000148b0000)]
  0x0000000013b2a800 JavaThread "Java2D Disposer" daemon [_thread_blocked, id=5128, stack(0x00000000145d0000,0x00000000146d0000)]
  0x00000000139a0800 JavaThread "Service Thread" daemon [_thread_blocked, id=1152, stack(0x0000000006d20000,0x0000000006e20000)]
  0x0000000013994800 JavaThread "C2 CompilerThread1" daemon [_thread_blocked, id=4576, stack(0x00000000144b0000,0x00000000145b0000)]
  0x000000001398d800 JavaThread "C2 CompilerThread0" daemon [_thread_blocked, id=5852, stack(0x00000000142a0000,0x00000000143a0000)]
  0x000000001398c800 JavaThread "Attach Listener" daemon [_thread_blocked, id=5556, stack(0x0000000014050000,0x0000000014150000)]
  0x000000001398b800 JavaThread "Signal Dispatcher" daemon [_thread_blocked, id=5684, stack(0x0000000013e10000,0x0000000013f10000)]
  0x0000000011ad8800 JavaThread "Finalizer" daemon [_thread_blocked, id=5224, stack(0x0000000013840000,0x0000000013940000)]
  0x0000000011ad0000 JavaThread "Reference Handler" daemon [_thread_blocked, id=5468, stack(0x0000000013520000,0x0000000013620000)]

Other Threads:
  0x0000000011ac7800 VMThread [stack: 0x0000000013630000,0x0000000013730000] [id=4408]
  0x00000000139db000 WatcherThread [stack: 0x0000000013730000,0x0000000013830000] [id=2492]

VM state:not at safepoint (normal execution)

VM Mutex/Monitor currently owned by a thread: None

Heap
 PSYoungGen      total 76288K, used 13101K [0x00000007aad60000, 0x00000007b0280000, 0x0000000800000000)
  eden space 65408K, 20% used [0x00000007aad60000,0x00000007aba2b710,0x00000007aed40000)
  from space 10880K, 0% used [0x00000007af7e0000,0x00000007af7e0000,0x00000007b0280000)
  to   space 10880K, 0% used [0x00000007aed40000,0x00000007aed40000,0x00000007af7e0000)
 ParOldGen       total 174400K, used 0K [0x0000000700800000, 0x000000070b250000, 0x00000007aad60000)
  object space 174400K, 0% used [0x0000000700800000,0x0000000700800000,0x000000070b250000)
 PSPermGen       total 21248K, used 7581K [0x00000006fb600000, 0x00000006fcac0000, 0x0000000700800000)
  object space 21248K, 35% used [0x00000006fb600000,0x00000006fbd675b8,0x00000006fcac0000)

Card table byte_map: [0x0000000005920000,0x0000000006150000] byte_map_base: 0x0000000002145000

Polling page: 0x0000000000350000

Code Cache  [0x0000000002920000, 0x0000000002b90000, 0x0000000005920000)
 total_blobs=382 nmethods=64 adapters=269 free_code_cache=48558Kb largest_free_block=49684416

Compilation events (10 events):
Event: 1.004 Thread 0x0000000013994800 nmethod 60 0x00000000029a2cd0 code [0x00000000029a2e20, 0x00000000029a2f68]
Event: 1.004 Thread 0x0000000013994800   61             java.util.HashMap$HashIterator::nextEntry (99 bytes)
Event: 1.006 Thread 0x0000000013994800 nmethod 61 0x00000000029a2910 code [0x00000000029a2a60, 0x00000000029a2bb8]
Event: 1.013 Thread 0x0000000013994800   62             java.lang.String::compareTo (78 bytes)
Event: 1.014 Thread 0x0000000013994800 nmethod 62 0x00000000029a44d0 code [0x00000000029a4620, 0x00000000029a4798]
Event: 1.017 Thread 0x0000000013994800   63             java.lang.String::equals (81 bytes)
Event: 1.021 Thread 0x0000000013994800 nmethod 63 0x00000000029a4010 code [0x00000000029a4160, 0x00000000029a43b8]
Event: 1.047 Thread 0x000000001398d800 nmethod 53 0x00000000029b52d0 code [0x00000000029b5820, 0x00000000029b9910]
Event: 1.193 Thread 0x0000000013994800   64             java.lang.String::replace (127 bytes)
Event: 1.198 Thread 0x0000000013994800 nmethod 64 0x0000000002997610 code [0x0000000002997760, 0x0000000002997bf8]

GC Heap History (0 events):
No events

Deoptimization events (4 events):
Event: 1.003 Thread 0x0000000013bf2000 Uncommon trap -34 fr.pc 0x0000000002992e64
Event: 1.003 Thread 0x0000000013bf2000 Uncommon trap -34 fr.pc 0x0000000002992e64
Event: 1.004 Thread 0x0000000013bf2000 Uncommon trap -34 fr.pc 0x0000000002992e64
Event: 1.004 Thread 0x0000000013bf2000 Uncommon trap -34 fr.pc 0x0000000002992e64

Internal exceptions (10 events):
Event: 1.193 Thread 0x0000000013bf2000 Threw 0x00000007ab9bad80 at C:\jdk7u1_64p\jdk7u11\hotspot\src\share\vm\prims\jvm.cpp:1166
Event: 1.193 Thread 0x0000000013bf2000 Threw 0x00000007ab9c21b8 at C:\jdk7u1_64p\jdk7u11\hotspot\src\share\vm\prims\jvm.cpp:1166
Event: 1.193 Thread 0x0000000013bf2000 Threw 0x00000007ab9c50c0 at C:\jdk7u1_64p\jdk7u11\hotspot\src\share\vm\prims\jvm.cpp:1166
Event: 1.193 Thread 0x0000000013bf2000 Threw 0x00000007ab9c8ad8 at C:\jdk7u1_64p\jdk7u11\hotspot\src\share\vm\prims\jvm.cpp:1166
Event: 1.193 Thread 0x0000000013bf2000 Threw 0x00000007ab9cbca8 at C:\jdk7u1_64p\jdk7u11\hotspot\src\share\vm\prims\jvm.cpp:1166
Event: 1.254 Thread 0x0000000013bf2000 Threw 0x00000007ab9d0818 at C:\jdk7u1_64p\jdk7u11\hotspot\src\share\vm\prims\jvm.cpp:1166
Event: 1.255 Thread 0x0000000013bf2000 Threw 0x00000007ab9d3fc8 at C:\jdk7u1_64p\jdk7u11\hotspot\src\share\vm\prims\jvm.cpp:1166
Event: 1.255 Thread 0x0000000013bf2000 Threw 0x00000007ab9dae10 at C:\jdk7u1_64p\jdk7u11\hotspot\src\share\vm\prims\jvm.cpp:1166
Event: 1.256 Thread 0x0000000013bf2000 Threw 0x00000007ab9ddcd0 at C:\jdk7u1_64p\jdk7u11\hotspot\src\share\vm\prims\jvm.cpp:1166
Event: 1.257 Thread 0x0000000013bf2000 Threw 0x00000007ab9e1898 at C:\jdk7u1_64p\jdk7u11\hotspot\src\share\vm\prims\jvm.cpp:1166

Events (10 events):
Event: 1.254 loading class 0x00000000164b9330
Event: 1.254 loading class 0x00000000164b9330 done
Event: 1.255 loading class 0x00000000168f0290
Event: 1.255 loading class 0x00000000168f0290 done
Event: 1.255 loading class 0x00000000168f0390
Event: 1.255 loading class 0x00000000168f0390 done
Event: 1.256 loading class 0x00000000164b89d0
Event: 1.256 loading class 0x00000000164b89d0 done
Event: 1.257 loading class 0x00000000168eb990
Event: 1.257 loading class 0x00000000168eb990 done


Dynamic libraries:
0x000000013f720000 - 0x000000013f753000 	C:\Program Files\MATLAB\R2013b\sys\java\jre\win64\jre\bin\java.exe
0x0000000076e90000 - 0x0000000077039000 	C:\Windows\SYSTEM32\ntdll.dll
0x0000000076d70000 - 0x0000000076e8f000 	C:\Windows\system32\kernel32.dll
0x000007fefcf20000 - 0x000007fefcf8b000 	C:\Windows\system32\KERNELBASE.dll
0x00000000749f0000 - 0x0000000074a77000 	C:\Windows\System32\SYSFER.DLL
0x000007fefd100000 - 0x000007fefd1db000 	C:\Windows\system32\ADVAPI32.dll
0x000007fefd590000 - 0x000007fefd62f000 	C:\Windows\system32\msvcrt.dll
0x000007fefd0a0000 - 0x000007fefd0bf000 	C:\Windows\SYSTEM32\sechost.dll
0x000007fefebd0000 - 0x000007fefecfd000 	C:\Windows\system32\RPCRT4.dll
0x0000000076c70000 - 0x0000000076d6a000 	C:\Windows\system32\USER32.dll
0x000007fefd8e0000 - 0x000007fefd947000 	C:\Windows\system32\GDI32.dll
0x000007fefd0c0000 - 0x000007fefd0ce000 	C:\Windows\system32\LPK.dll
0x000007fefe920000 - 0x000007fefe9e9000 	C:\Windows\system32\USP10.dll
0x000007fefb6e0000 - 0x000007fefb8d4000 	C:\Windows\WinSxS\amd64_microsoft.windows.common-controls_6595b64144ccf1df_6.0.7601.17514_none_fa396087175ac9ac\COMCTL32.dll
0x000007fefed00000 - 0x000007fefed71000 	C:\Windows\system32\SHLWAPI.dll
0x000007fefd0d0000 - 0x000007fefd0fe000 	C:\Windows\system32\IMM32.DLL
0x000007fefed80000 - 0x000007fefee89000 	C:\Windows\system32\MSCTF.dll
0x000000005f4e0000 - 0x000000005f5b1000 	C:\Program Files\MATLAB\R2013b\sys\java\jre\win64\jre\bin\msvcr100.dll
0x0000000068990000 - 0x00000000690af000 	C:\Program Files\MATLAB\R2013b\sys\java\jre\win64\jre\bin\server\jvm.dll
0x000007fef72e0000 - 0x000007fef72e9000 	C:\Windows\system32\WSOCK32.dll
0x000007fefd4c0000 - 0x000007fefd50d000 	C:\Windows\system32\WS2_32.dll
0x000007fefdb80000 - 0x000007fefdb88000 	C:\Windows\system32\NSI.dll
0x000007fefac50000 - 0x000007fefac8b000 	C:\Windows\system32\WINMM.dll
0x0000000077060000 - 0x0000000077067000 	C:\Windows\system32\PSAPI.DLL
0x00000000737f0000 - 0x00000000737ff000 	C:\Program Files\MATLAB\R2013b\sys\java\jre\win64\jre\bin\verify.dll
0x00000000733a0000 - 0x00000000733c8000 	C:\Program Files\MATLAB\R2013b\sys\java\jre\win64\jre\bin\java.dll
0x0000000073550000 - 0x0000000073565000 	C:\Program Files\MATLAB\R2013b\sys\java\jre\win64\jre\bin\zip.dll
0x000000006bf10000 - 0x000000006c0a3000 	C:\Program Files\MATLAB\R2013b\sys\java\jre\win64\jre\bin\awt.dll
0x000007fefd3e0000 - 0x000007fefd4b7000 	C:\Windows\system32\OLEAUT32.dll
0x000007fefd630000 - 0x000007fefd833000 	C:\Windows\system32\ole32.dll
0x000007fefb680000 - 0x000007fefb6d6000 	C:\Windows\system32\uxtheme.dll
0x000007fefad80000 - 0x000007fefad98000 	C:\Windows\system32\dwmapi.dll
0x000007fefcb80000 - 0x000007fefcb8f000 	C:\Windows\system32\CRYPTBASE.dll
0x000007fefdb90000 - 0x000007fefe918000 	C:\Windows\system32\SHELL32.dll
0x000000006a2f0000 - 0x000000006a310000 	C:\Program Files\MATLAB\R2013b\bin\win64\nativejava.dll
0x000000006ff40000 - 0x000000006fffb000 	C:\Program Files\MATLAB\R2013b\bin\win64\libut.dll
0x0000000014150000 - 0x0000000014226000 	C:\Program Files\MATLAB\R2013b\bin\win64\libmwi18n.dll
0x000000006fe70000 - 0x000000006fe7d000 	C:\Program Files\MATLAB\R2013b\bin\win64\libmwresource_core.dll
0x0000000070d10000 - 0x0000000070da8000 	C:\Windows\system32\MSVCP100.dll
0x0000000074560000 - 0x000000007456e000 	C:\Program Files\MATLAB\R2013b\bin\win64\boost_date_time-vc100-mt-1_49.dll
0x0000000073b20000 - 0x0000000073b4c000 	C:\Program Files\MATLAB\R2013b\bin\win64\boost_filesystem-vc100-mt-1_49.dll
0x0000000074570000 - 0x0000000074579000 	C:\Program Files\MATLAB\R2013b\bin\win64\boost_system-vc100-mt-1_49.dll
0x0000000073af0000 - 0x0000000073b15000 	C:\Program Files\MATLAB\R2013b\bin\win64\LIBEXPAT.dll
0x0000000071ea0000 - 0x000000007202a000 	C:\Program Files\MATLAB\R2013b\bin\win64\icuin49.dll
0x0000000071920000 - 0x0000000071a5e000 	C:\Program Files\MATLAB\R2013b\bin\win64\icuuc49.dll
0x0000000067040000 - 0x0000000068162000 	C:\Program Files\MATLAB\R2013b\bin\win64\icudt49.dll
0x0000000073ea0000 - 0x0000000073eb0000 	C:\Program Files\MATLAB\R2013b\bin\win64\icuio49.dll
0x000000006f960000 - 0x000000006fb07000 	C:\Program Files\MATLAB\R2013b\bin\win64\libmwfl.dll
0x0000000015cd0000 - 0x00000000160df000 	C:\Program Files\MATLAB\R2013b\bin\win64\libmwMATLAB_res.dll
0x0000000073840000 - 0x000000007391f000 	C:\Program Files\MATLAB\R2013b\bin\win64\boost_regex-vc100-mt-1_49.dll
0x0000000073ad0000 - 0x0000000073ae1000 	C:\Program Files\MATLAB\R2013b\bin\win64\boost_signals-vc100-mt-1_49.dll
0x0000000073ab0000 - 0x0000000073ac1000 	C:\Program Files\MATLAB\R2013b\bin\win64\boost_thread-vc100-mt-1_49.dll
0x0000000073570000 - 0x00000000735fc000 	C:\Program Files\MATLAB\R2013b\bin\win64\boost_log-vc100-mt-1_49.dll
0x000007fef9260000 - 0x000007fef9293000 	C:\Program Files\MATLAB\R2013b\bin\win64\tbb.dll
0x000007fefeef0000 - 0x000007fefef09000 	C:\Windows\system32\imagehlp.dll
0x000007fefb440000 - 0x000007fefb46c000 	C:\Windows\system32\POWRPROF.dll
0x000007fefe9f0000 - 0x000007fefebc7000 	C:\Windows\system32\SETUPAPI.dll
0x000007fefd050000 - 0x000007fefd086000 	C:\Windows\system32\CFGMGR32.dll
0x000007fefcea0000 - 0x000007fefceba000 	C:\Windows\system32\DEVOBJ.dll
0x000000006af80000 - 0x000000006afac000 	C:\Program Files\MATLAB\R2013b\bin\win64\libmwnativedialogs.dll
0x000000006af70000 - 0x000000006af7c000 	C:\Program Files\MATLAB\R2013b\bin\win64\libmwplatform_res.dll
0x000000006b770000 - 0x000000006b77e000 	C:\Program Files\MATLAB\R2013b\bin\win64\nativejava_services.dll
0x000007fef7030000 - 0x000007fef7048000 	C:\Windows\system32\MPR.dll
0x00000000729d0000 - 0x0000000072a04000 	C:\Program Files\MATLAB\R2013b\sys\java\jre\win64\jre\bin\fontmanager.dll
0x0000000073450000 - 0x0000000073469000 	C:\Program Files\MATLAB\R2013b\sys\java\jre\win64\jre\bin\net.dll
0x000007fefc4c0000 - 0x000007fefc515000 	C:\Windows\system32\mswsock.dll
0x000007fefc4b0000 - 0x000007fefc4b7000 	C:\Windows\System32\wship6.dll
0x0000000073380000 - 0x0000000073391000 	C:\Program Files\MATLAB\R2013b\sys\java\jre\win64\jre\bin\nio.dll
0x000007fef70a0000 - 0x000007fef729f000 	C:\Windows\system32\d3d9.dll
0x000007fefbd70000 - 0x000007fefbd7c000 	C:\Windows\system32\VERSION.dll
0x000007fef7490000 - 0x000007fef7497000 	C:\Windows\system32\d3d8thk.dll
0x000007fedc8c0000 - 0x000007fedda17000 	C:\Windows\system32\nvd3dumx.dll
0x0000000180000000 - 0x0000000180114000 	C:\Windows\system32\nvspcap64.dll
0x000007fef21f0000 - 0x000007fef2353000 	C:\Program Files (x86)\NVIDIA Corporation\3D Vision\nvSCPAPI64.dll
0x000007fef28b0000 - 0x000007fef2bc4000 	C:\Windows\system32\nvapi64.dll
0x000007fefcee0000 - 0x000007fefcf1a000 	C:\Windows\system32\WINTRUST.dll
0x000007fefcd00000 - 0x000007fefce6c000 	C:\Windows\system32\CRYPT32.dll
0x000007fefcce0000 - 0x000007fefccef000 	C:\Windows\system32\MSASN1.dll
0x000000006a310000 - 0x000000006a31b000 	C:\Program Files\MATLAB\R2013b\bin\win64\nativeservices.dll
0x000000006f060000 - 0x000000006f3dc000 	C:\Program Files\MATLAB\R2013b\bin\win64\libmwservices.dll
0x0000000019340000 - 0x000000001943b000 	C:\Program Files\MATLAB\R2013b\bin\win64\libmx.dll
0x000007fef9330000 - 0x000007fef9358000 	C:\Program Files\MATLAB\R2013b\bin\win64\tbbmalloc.dll
0x0000000073800000 - 0x0000000073817000 	C:\Program Files\MATLAB\R2013b\bin\win64\zlib1.dll
0x000000006ef00000 - 0x000000006ef4e000 	C:\Program Files\MATLAB\R2013b\bin\win64\libmwregexp.dll
0x000000006eeb0000 - 0x000000006eef7000 	C:\Program Files\MATLAB\R2013b\bin\win64\mpath.dll
0x0000000019b20000 - 0x000000001a148000 	C:\Program Files\MATLAB\R2013b\bin\win64\mlutil.dll
0x000000006e870000 - 0x000000006e8e7000 	C:\Program Files\MATLAB\R2013b\bin\win64\xmlcore.dll
0x00000000716d0000 - 0x0000000071911000 	C:\Program Files\MATLAB\R2013b\bin\win64\xerces-c_2_7.dll
0x000000006e5f0000 - 0x000000006e613000 	C:\Program Files\MATLAB\R2013b\bin\win64\libmwMATLAB_settings_res.dll
0x0000000073eb0000 - 0x0000000073ec0000 	C:\Program Files\MATLAB\R2013b\bin\win64\boost_iostreams-vc100-mt-1_49.dll
0x00000000734a0000 - 0x00000000734e6000 	C:\Program Files\MATLAB\R2013b\bin\win64\boost_serialization-vc100-mt-1_49.dll
0x000000006e580000 - 0x000000006e586000 	C:\Program Files\MATLAB\R2013b\bin\win64\libmwnativedisplay.dll
0x00000000685f0000 - 0x000000006863d000 	C:\Program Files\MATLAB\R2013b\bin\win64\opccore.dll
0x00000000684f0000 - 0x00000000685c6000 	C:\Program Files\MATLAB\R2013b\bin\win64\opcmodel.dll
0x00000000684c0000 - 0x00000000684ed000 	C:\Program Files\MATLAB\R2013b\bin\win64\opczippackage.dll
0x0000000073a00000 - 0x0000000073a0e000 	C:\Program Files\MATLAB\R2013b\bin\win64\libminizip.dll
0x0000000068340000 - 0x00000000683a6000 	C:\Program Files\MATLAB\R2013b\bin\win64\opcmwservices.dll
0x000007fefd340000 - 0x000007fefd3d7000 	C:\Windows\system32\COMDLG32.dll
0x000007fefa5c0000 - 0x000007fefa5d6000 	C:\Windows\system32\NETAPI32.dll
0x000007fefc150000 - 0x000007fefc15c000 	C:\Windows\system32\netutils.dll
0x000007fefc7a0000 - 0x000007fefc7c3000 	C:\Windows\system32\srvcli.dll
0x000007fefa530000 - 0x000007fefa545000 	C:\Windows\system32\wkscli.dll
0x000000006b780000 - 0x000000006b848000 	C:\Program Files\MATLAB\R2013b\bin\win64\jmi.dll
0x0000000019440000 - 0x0000000019502000 	C:\Program Files\MATLAB\R2013b\bin\win64\m_dispatcher.dll
0x000000001a150000 - 0x000000001a94b000 	C:\Program Files\MATLAB\R2013b\bin\win64\m_interpreter.dll
0x000000006d760000 - 0x000000006d784000 	C:\Program Files\MATLAB\R2013b\bin\win64\libmex.dll
0x000000006d6e0000 - 0x000000006d75b000 	C:\Program Files\MATLAB\R2013b\bin\win64\profiler.dll
0x000000006d450000 - 0x000000006d5c8000 	C:\Program Files\MATLAB\R2013b\bin\win64\libmwmathutil.dll
0x000000006d420000 - 0x000000006d447000 	C:\Program Files\MATLAB\R2013b\bin\win64\libmwmathrng.dll
0x000000006d410000 - 0x000000006d420000 	C:\Program Files\MATLAB\R2013b\bin\win64\libmwmfl_rng.dll
0x000000001a950000 - 0x000000001aa68000 	C:\Program Files\MATLAB\R2013b\bin\win64\libmwmathcore.dll
0x000000006d2b0000 - 0x000000006d313000 	C:\Program Files\MATLAB\R2013b\bin\win64\libmwspmatrix.dll
0x000000001aa70000 - 0x000000001acd2000 	C:\Program Files\MATLAB\R2013b\bin\win64\mcos.dll
0x000000006cfc0000 - 0x000000006d01c000 	C:\Program Files\MATLAB\R2013b\bin\win64\libmwcholmod.dll
0x000000006cfb0000 - 0x000000006cfbc000 	C:\Program Files\MATLAB\R2013b\bin\win64\libmwamd.dll
0x000000006cfa0000 - 0x000000006cfab000 	C:\Program Files\MATLAB\R2013b\bin\win64\libmwcolamd.dll
0x000000006cf80000 - 0x000000006cf93000 	C:\Program Files\MATLAB\R2013b\bin\win64\libmwblas.dll
0x000000006cf60000 - 0x000000006cf75000 	C:\Program Files\MATLAB\R2013b\bin\win64\libmwbinder.dll
0x000000006cf50000 - 0x000000006cf5b000 	C:\Program Files\MATLAB\R2013b\bin\win64\libmwompwrapper.dll
0x000000006ced0000 - 0x000000006cf4f000 	C:\Program Files\MATLAB\R2013b\bin\win64\libmwlapack.dll
0x000000006ceb0000 - 0x000000006ced0000 	C:\Program Files\MATLAB\R2013b\bin\win64\m_pcodeio.dll
0x000000006ce50000 - 0x000000006ceac000 	C:\Program Files\MATLAB\R2013b\bin\win64\m_ir.dll
0x000000001ace0000 - 0x000000001b395000 	C:\Program Files\MATLAB\R2013b\bin\win64\m_parser.dll
0x000000006c780000 - 0x000000006c797000 	C:\Program Files\MATLAB\R2013b\bin\win64\ir_xfmr.dll
0x000000006c770000 - 0x000000006c780000 	C:\Program Files\MATLAB\R2013b\bin\win64\mtok.dll
0x000000006c740000 - 0x000000006c768000 	C:\Program Files\MATLAB\R2013b\bin\win64\m_pcodegen.dll
0x000007fef8430000 - 0x000007fef8555000 	C:\Windows\system32\dbghelp.dll
0x000000006e110000 - 0x000000006e4d0000 	C:\Program Files\MATLAB\R2013b\bin\win64\iqm.dll

VM Arguments:
java_command: com.mathworks.fatalexit.FatalExitFrame C:\Users\saikat\AppData\Local\Temp\matlab_crash_dump.7848-1
Launcher Type: SUN_STANDARD

Environment Variables:
CLASSPATH=.;C:\Program Files (x86)\Java\jre6\lib\ext\QTJava.zip;C:\Program Files (x86)\Java\jre7\lib\ext\QTJava.zip
PATH=C:\Program Files\MATLAB\R2013b\bin\win64;C:\Program Files (x86)\NVIDIA Corporation\PhysX\Common;C:\Program Files\NVIDIA GPU Computing Toolkit\CUDA\v5.5\bin;C:\Program Files\NVIDIA GPU Computing Toolkit\CUDA\v5.5\libnvvp;C:\Program Files (x86)\Common Files\Intel\Shared Libraries\redist\intel64\compiler;C:\Program Files (x86)\Common Files\Intel\Shared Libraries\redist\ia32\compiler;C:\Program Files\NVIDIA GPU Computing Toolkit\CUDA\v5.0\bin\;C:\Program Files\NVIDIA GPU Computing Toolkit\CUDA\v5.0\libnvvp\;C:\Windows\system32;C:\Windows;C:\Windows\System32\Wbem;C:\Windows\System32\WindowsPowerShell\v1.0\;C:\Program Files\MIT\Kerberos\bin;C:\Program Files (x86)\Autodesk\Backburner\;C:\Program Files\Common Files\Autodesk Shared\;C:\Program Files\MATLAB\R2013b\runtime\win64;C:\Program Files\MATLAB\R2013b\bin;c:\Program Files (x86)\Microsoft SQL Server\100\Tools\Binn\;c:\Program Files\Microsoft SQL Server\100\Tools\Binn\;c:\Program Files\Microsoft SQL Server\100\DTS\Binn\;C:\Program Files (x86)\QuickTime\QTSystem\;C:\Program Files\SAS\SharedFiles(32)\Formats;c:\Program Files (x86)\Microsoft SQL Server\90\Tools\binn\;C:\Program Files\Microsoft\Web Platform Installer\;C:\Program Files (x86)\Microsoft ASP.NET\ASP.NET Web Pages\v1.0\;C:\Program Files (x86)\Windows Kits\8.0\Windows Performance Toolkit\;C:\Program Files\Microsoft SQL Server\110\Tools\Binn\;C:\Program Files\TortoiseSVN\bin;C:\Program Files\TortoiseHg\;C:\Program Files\TortoiseGit\bin;C:\Condor\bin\;C:\Program Files\OpenAFS\Common;C:\Program Files\OpenAFS\Client\Program;C:\Program Files\IBM\RationalPurifyPlus;C:\Program Files\VanDyke Software\SecureFX\;C:\sperl-5.18.2.1\c\bin;C:\sperl-5.18.2.1\perl\site\bin;C:\sperl-5.18.2.1\perl\bin
USERNAME=saikat
OS=Windows_NT
PROCESSOR_IDENTIFIER=Intel64 Family 6 Model 42 Stepping 7, GenuineIntel



---------------  S Y S T E M  ---------------

OS: Windows 7 , 64 bit Build 7601 Service Pack 1

CPU:total 8 (4 cores per cpu, 2 threads per core) family 6 model 42 stepping 7, cmov, cx8, fxsr, mmx, sse, sse2, sse3, ssse3, sse4.1, sse4.2, popcnt, avx, ht, tsc, tscinvbit

Memory: 4k page, physical 16738272k(8581680k free), swap 33474680k(25024084k free)

vm_info: Java HotSpot(TM) 64-Bit Server VM (23.6-b04) for windows-amd64 JRE (1.7.0_11-b21), built on Jan 12 2013 02:38:42 by "java_re" with unknown MS VC++:1600

time: Fri Apr 25 18:42:40 2014
elapsed time: 10 seconds

